{
  "stats": {
    "suites": 1,
    "tests": 2,
    "passes": 2,
    "pending": 0,
    "failures": 0,
    "start": "2023-11-12T16:57:32.978Z",
    "end": "2023-11-12T16:57:34.386Z",
    "duration": 1408,
    "testsRegistered": 2,
    "passPercent": 100,
    "pendingPercent": 0,
    "other": 0,
    "hasOther": false,
    "skipped": 0,
    "hasSkipped": false
  },
  "results": [
    {
      "uuid": "817063b6-2019-4300-b10f-7fdc7a8ba588",
      "title": "",
      "fullFile": "D:\\Kuliah\\Bangkit 2023\\live-test-api\\live-api-test\\test\\api\\chaiAssert.js",
      "file": "\\test\\api\\chaiAssert.js",
      "beforeHooks": [],
      "afterHooks": [],
      "tests": [],
      "suites": [
        {
          "uuid": "b4cd68b3-31bf-4ebd-9c4f-ac01f7846893",
          "title": "Post Request example",
          "fullFile": "D:\\Kuliah\\Bangkit 2023\\live-test-api\\live-api-test\\test\\api\\chaiAssert.js",
          "file": "\\test\\api\\chaiAssert.js",
          "beforeHooks": [],
          "afterHooks": [],
          "tests": [
            {
              "title": "response status equal to 200",
              "fullTitle": "Post Request example response status equal to 200",
              "timedOut": false,
              "duration": 1401,
              "state": "passed",
              "speed": "slow",
              "pass": true,
              "fail": false,
              "pending": false,
              "context": null,
              "code": "//Check response status equals to 200\nexpect((await response).status).to.equal(200)",
              "err": {},
              "uuid": "8e2f39b6-b2fd-4c30-a703-10038566151c",
              "parentUUID": "b4cd68b3-31bf-4ebd-9c4f-ac01f7846893",
              "isHook": false,
              "skipped": false
            },
            {
              "title": "response body to haveOwnProperty",
              "fullTitle": "Post Request example response body to haveOwnProperty",
              "timedOut": false,
              "duration": 1,
              "state": "passed",
              "speed": "fast",
              "pass": true,
              "fail": false,
              "pending": false,
              "context": null,
              "code": "//Expect there is value \"message\" in the body response\nexpect((await response).body).to.haveOwnProperty('message')",
              "err": {},
              "uuid": "e609a14d-b634-4813-b815-b29018b53f88",
              "parentUUID": "b4cd68b3-31bf-4ebd-9c4f-ac01f7846893",
              "isHook": false,
              "skipped": false
            }
          ],
          "suites": [],
          "passes": [
            "8e2f39b6-b2fd-4c30-a703-10038566151c",
            "e609a14d-b634-4813-b815-b29018b53f88"
          ],
          "failures": [],
          "pending": [],
          "skipped": [],
          "duration": 1402,
          "root": false,
          "rootEmpty": false,
          "_timeout": 2000
        }
      ],
      "passes": [],
      "failures": [],
      "pending": [],
      "skipped": [],
      "duration": 0,
      "root": true,
      "rootEmpty": true,
      "_timeout": 2000
    }
  ],
  "meta": {
    "mocha": {
      "version": "10.2.0"
    },
    "mochawesome": {
      "options": {
        "quiet": false,
        "reportFilename": "mochawesome",
        "saveHtml": true,
        "saveJson": true,
        "consoleReporter": "spec",
        "useInlineDiffs": false,
        "code": true
      },
      "version": "7.1.3"
    },
    "marge": {
      "options": null,
      "version": "6.2.0"
    }
  }
}